<?xml version="1.0" encoding="UTF-8"?>
<!-- Generated by org.testng.reporters.JUnitReportReporter -->
<testsuite hostname="DESKTOP-CKCG294" failures="0" tests="1" name="com.amazon.testcases.LoginSecurityPageTest" time="19.804" errors="0" timestamp="2022-07-11T17:07:03 EDT" skipped="0">
  <testcase classname="com.amazon.testcases.LoginSecurityPageTest" name="LoginSecurityClickTest" time="19.804"/>
  <system-out/>
</testsuite> <!-- com.amazon.testcases.LoginSecurityPageTest -->
