<?xml version="1.0" encoding="UTF-8"?>
<!-- Generated by org.testng.reporters.JUnitReportReporter -->
<testsuite hostname="DESKTOP-CKCG294" failures="0" tests="3" name="com.amazon.testcases.YourAccountPageTest" time="81.847" errors="0" timestamp="2022-07-16T14:47:15 EDT" skipped="0">
  <testcase classname="com.amazon.testcases.YourAccountPageTest" name="verifyhelloTest" time="25.906"/>
  <system-out/>
  <testcase classname="com.amazon.testcases.YourAccountPageTest" name="hellodropdownTest" time="26.908"/>
  <system-out/>
  <testcase classname="com.amazon.testcases.YourAccountPageTest" name="accountpageTest" time="29.033"/>
  <system-out/>
</testsuite> <!-- com.amazon.testcases.YourAccountPageTest -->
